2025-08-22 21:50:25.028 - LEVEL:INFO - USER_ID:7402858899 - NAME:мухаммаджон - USERNAME:@mkingboi - MESSAGE:/start bosildi
2025-08-22 21:57:46.897 - LEVEL:INFO - USER_ID:7402858899 - NAME:мухаммаджон - USERNAME:@mkingboi - MESSAGE:Yo'nalish tanlamoqda
2025-08-22 21:58:09.366 - LEVEL:INFO - USER_ID:7402858899 - NAME:мухаммаджон - USERNAME:@mkingboi - MESSAGE:Operatsion tizimlar knopkasi bosildi
2025-08-22 22:00:18.482 - LEVEL:INFO - USER_ID:7402858899 - NAME:мухаммаджон - USERNAME:@mkingboi - MESSAGE:Operatsion tizimlar knopkasi bosildi
2025-08-22 22:00:25.071 - LEVEL:INFO - USER_ID:7402858899 - NAME:мухаммаджон - USERNAME:@mkingboi - MESSAGE:rust
2025-08-22 22:00:28.792 - LEVEL:INFO - USER_ID:7402858899 - NAME:мухаммаджон - USERNAME:@mkingboi - MESSAGE:swift
2025-08-22 22:00:30.576 - LEVEL:INFO - USER_ID:7402858899 - NAME:мухаммаджон - USERNAME:@mkingboi - MESSAGE:Yo'nalish tanlamoqda2025-08-22 22:08:27.433 - LEVEL:INFO - USER_ID:- - NAME:- - USERNAME:- - MESSAGE:Bot ishga tushdi
2025-08-22 22:08:29.111 - LEVEL:INFO - USER_ID:7402858899 - NAME:мухаммаджон - USERNAME:@mkingboi - MESSAGE:Foydalanuvchi /start buyrug‘ini bosdi
2025-08-22 22:08:34.425 - LEVEL:INFO - USER_ID:7402858899 - NAME:мухаммаджон - USERNAME:@mkingboi - MESSAGE:Yo‘nalish menyusini ochdi
2025-08-22 22:09:29.318 - LEVEL:INFO - USER_ID:- - NAME:- - USERNAME:- - MESSAGE:Bot to‘xtatildi
2025-08-22 22:09:35.131 - LEVEL:INFO - USER_ID:- - NAME:- - USERNAME:- - MESSAGE:Bot ishga tushdi
2025-08-22 22:13:56.085 - LEVEL:INFO - USER_ID:- - NAME:- - USERNAME:- - MESSAGE:Bot ishga tushdi
2025-08-22 22:25:15.330 - LEVEL:INFO - USER_ID:7402858899 - NAME:мухаммаджон - USERNAME:@mkingboi - MESSAGE: Start Komandasi bosildi
2025-08-22 22:25:15.332 - LEVEL:INFO - USER_ID:7402858899 - NAME:мухаммаджон - USERNAME:@mkingboi - MESSAGE: Start Komandasi bosildi
2025-08-22 22:25:15.334 - LEVEL:INFO - USER_ID:7402858899 - NAME:мухаммаджон - USERNAME:@mkingboi - MESSAGE: Start Komandasi bosildi
2025-08-22 22:25:15.335 - LEVEL:INFO - USER_ID:7402858899 - NAME:мухаммаджон - USERNAME:@mkingboi - MESSAGE: Start Komandasi bosildi
2025-08-22 22:25:15.336 - LEVEL:INFO - USER_ID:7402858899 - NAME:мухаммаджон - USERNAME:@mkingboi - MESSAGE: Start Komandasi bosildi
2025-08-22 22:25:15.343 - LEVEL:INFO - USER_ID:7402858899 - NAME:мухаммаджон - USERNAME:@mkingboi - MESSAGE: Start Komandasi bosildi
2025-08-22 22:25:15.344 - LEVEL:INFO - USER_ID:7402858899 - NAME:мухаммаджон - USERNAME:@mkingboi - MESSAGE: Start Komandasi bosildi
2025-08-22 22:25:15.345 - LEVEL:INFO - USER_ID:7402858899 - NAME:мухаммаджон - USERNAME:@mkingboi - MESSAGE: Start Komandasi bosildi
2025-08-22 22:25:15.346 - LEVEL:INFO - USER_ID:7402858899 - NAME:мухаммаджон - USERNAME:@mkingboi - MESSAGE: Start Komandasi bosildi
2025-08-22 22:25:15.348 - LEVEL:INFO - USER_ID:7402858899 - NAME:мухаммаджон - USERNAME:@mkingboi - MESSAGE: Start Komandasi bosildi
2025-08-22 22:25:15.350 - LEVEL:INFO - USER_ID:7402858899 - NAME:мухаммаджон - USERNAME:@mkingboi - MESSAGE: Start Komandasi bosildi
2025-08-22 22:25:15.351 - LEVEL:INFO - USER_ID:7402858899 - NAME:мухаммаджон - USERNAME:@mkingboi - MESSAGE: Start Komandasi bosildi
2025-08-22 22:25:15.354 - LEVEL:INFO - USER_ID:7402858899 - NAME:мухаммаджон - USERNAME:@mkingboi - MESSAGE: Start Komandasi bosildi
2025-08-22 22:25:15.355 - LEVEL:INFO - USER_ID:7402858899 - NAME:мухаммаджон - USERNAME:@mkingboi - MESSAGE: Start Komandasi bosildi
2025-08-22 22:25:15.356 - LEVEL:INFO - USER_ID:7402858899 - NAME:мухаммаджон - USERNAME:@mkingboi - MESSAGE: Start Komandasi bosildi
2025-08-22 22:25:21.958 - LEVEL:INFO - USER_ID:7402858899 - NAME:мухаммаджон - USERNAME:@mkingboi - MESSAGE:Yo'nalish tanlamoqda
2025-08-22 22:25:25.100 - LEVEL:INFO - USER_ID:7402858899 - NAME:мухаммаджон - USERNAME:@mkingboi - MESSAGE:Yo'nalish tanlamoqda
2025-08-22 22:25:34.766 - LEVEL:INFO - USER_ID:7402858899 - NAME:мухаммаджон - USERNAME:@mkingboi - MESSAGE:Yo'nalish tanlamoqda
2025-08-22 22:40:54.043 - LEVEL:INFO - USER_ID:6979929592 - NAME:Shaxriyor Karimberdiyev - USERNAME:@shakh_wu - MESSAGE: Start Komandasi bosildi
2025-08-22 22:40:58.545 - LEVEL:INFO - USER_ID:6979929592 - NAME:Shaxriyor Karimberdiyev - USERNAME:@shakh_wu - MESSAGE:Yo'nalish tanlamoqda
2025-08-22 22:41:02.789 - LEVEL:INFO - USER_ID:6979929592 - NAME:Shaxriyor Karimberdiyev - USERNAME:@shakh_wu - MESSAGE:Yo'nalish tanlamoqda
2025-08-22 22:59:53.988 - LEVEL:INFO - USER_ID:7402858899 - NAME:мухаммаджон - USERNAME:@mkingboi - MESSAGE:Yo'nalish tanlamoqda
2025-08-22 23:12:07.292 - LEVEL:INFO - USER_ID:7402858899 - NAME:мухаммаджон - USERNAME:@mkingboi - MESSAGE: Start Komandasi bosildi
2025-08-22 23:16:06.521 - LEVEL:INFO - USER_ID:7402858899 - NAME:мухаммаджон - USERNAME:@mkingboi - MESSAGE: Start Komandasi bosildi
2025-08-22 23:57:23.456 - LEVEL:INFO - USER_ID:7402858899 - NAME:мухаммаджон - USERNAME:@mkingboi - MESSAGE: Start Komandasi bosildi
2025-08-22 23:58:45.542 - LEVEL:INFO - USER_ID:7402858899 - NAME:мухаммаджон - USERNAME:@mkingboi - MESSAGE: Start Komandasi bosildi
2025-08-22 23:58:49.353 - LEVEL:INFO - USER_ID:7402858899 - NAME:мухаммаджон - USERNAME:@mkingboi - MESSAGE: Start Komandasi bosildi
2025-08-22 23:58:52.535 - LEVEL:INFO - USER_ID:7402858899 - NAME:мухаммаджон - USERNAME:@mkingboi - MESSAGE: Start Komandasi bosildi
2025-08-22 23:58:54.721 - LEVEL:INFO - USER_ID:7402858899 - NAME:мухаммаджон - USERNAME:@mkingboi - MESSAGE: Start Komandasi bosildi
2025-08-23 00:07:51.380 - LEVEL:INFO - USER_ID:1244713716 - NAME:Nodir Odilov - USERNAME:@NodirOdilov - MESSAGE: Start Komandasi bosildi
2025-08-23 00:08:01.501 - LEVEL:INFO - USER_ID:1244713716 - NAME:Nodir Odilov - USERNAME:@NodirOdilov - MESSAGE:Yo'nalish tanlamoqda
2025-08-23 00:08:03.237 - LEVEL:INFO - USER_ID:1244713716 - NAME:Nodir Odilov - USERNAME:@NodirOdilov - MESSAGE:Operatsion tizimlar knopkasi bosildi
2025-08-23 00:08:05.075 - LEVEL:INFO - USER_ID:1244713716 - NAME:Nodir Odilov - USERNAME:@NodirOdilov - MESSAGE:OS → C++ tilini tanladi
2025-08-23 00:08:17.501 - LEVEL:INFO - USER_ID:1244713716 - NAME:Nodir Odilov - USERNAME:@NodirOdilov - MESSAGE:Yo'nalish tanlamoqda
2025-08-23 00:08:18.809 - LEVEL:INFO - USER_ID:1244713716 - NAME:Nodir Odilov - USERNAME:@NodirOdilov - MESSAGE:iOS bo‘limini ochdi
2025-08-23 00:08:20.399 - LEVEL:INFO - USER_ID:1244713716 - NAME:Nodir Odilov - USERNAME:@NodirOdilov - MESSAGE:iOS → C++ tanladi
2025-08-23 00:08:34.998 - LEVEL:INFO - USER_ID:1244713716 - NAME:Nodir Odilov - USERNAME:@NodirOdilov - MESSAGE:iOS bo‘limini ochdi
2025-08-23 00:09:18.597 - LEVEL:INFO - USER_ID:6189981072 - NAME:Navrõzbek Allamov - USERNAME:@allamov_009 - MESSAGE: Start Komandasi bosildi
2025-08-23 00:09:44.596 - LEVEL:INFO - USER_ID:6189981072 - NAME:Navrõzbek Allamov - USERNAME:@allamov_009 - MESSAGE:Yo'nalish tanlamoqda
2025-08-23 00:09:46.651 - LEVEL:INFO - USER_ID:6189981072 - NAME:Navrõzbek Allamov - USERNAME:@allamov_009 - MESSAGE:Xavfsizlik bo‘limini ochdi
2025-08-23 00:09:48.700 - LEVEL:INFO - USER_ID:6189981072 - NAME:Navrõzbek Allamov - USERNAME:@allamov_009 - MESSAGE:Security → Python tanladi
2025-08-23 00:09:50.669 - LEVEL:INFO - USER_ID:6189981072 - NAME:Navrõzbek Allamov - USERNAME:@allamov_009 - MESSAGE:Xavfsizlik bo‘limini ochdi
2025-08-23 00:09:58.859 - LEVEL:INFO - USER_ID:6189981072 - NAME:Navrõzbek Allamov - USERNAME:@allamov_009 - MESSAGE: Start Komandasi bosildi
2025-08-23 00:10:03.534 - LEVEL:INFO - USER_ID:6809507914 - NAME:Mashribjon Masharipov - USERNAME:@Masharipobmashribjon - MESSAGE: Start Komandasi bosildi
2025-08-23 00:10:21.895 - LEVEL:INFO - USER_ID:6189981072 - NAME:Navrõzbek Allamov - USERNAME:@allamov_009 - MESSAGE:Security → Python tanladi
2025-08-23 00:10:22.807 - LEVEL:INFO - USER_ID:7402858899 - NAME:мухаммаджон - USERNAME:@mkingboi - MESSAGE: Start Komandasi bosildi
2025-08-23 00:10:24.451 - LEVEL:INFO - USER_ID:7402858899 - NAME:мухаммаджон - USERNAME:@mkingboi - MESSAGE:Yo'nalish tanlamoqda
2025-08-23 00:10:26.904 - LEVEL:INFO - USER_ID:7402858899 - NAME:мухаммаджон - USERNAME:@mkingboi - MESSAGE:Operatsion tizimlar knopkasi bosildi
2025-08-23 00:10:28.526 - LEVEL:INFO - USER_ID:7402858899 - NAME:мухаммаджон - USERNAME:@mkingboi - MESSAGE:OS → C++ tilini tanladi
2025-08-23 00:10:30.900 - LEVEL:INFO - USER_ID:6189981072 - NAME:Navrõzbek Allamov - USERNAME:@allamov_009 - MESSAGE: Start Komandasi bosildi
2025-08-23 00:10:34.392 - LEVEL:INFO - USER_ID:6189981072 - NAME:Navrõzbek Allamov - USERNAME:@allamov_009 - MESSAGE:Yo'nalish tanlamoqda
2025-08-23 00:12:29.713 - LEVEL:INFO - USER_ID:6809507914 - NAME:Mashribjon Masharipov - USERNAME:@Masharipobmashribjon - MESSAGE:Yo'nalish tanlamoqda
2025-08-23 00:12:29.716 - LEVEL:INFO - USER_ID:6189981072 - NAME:Navrõzbek Allamov - USERNAME:@allamov_009 - MESSAGE:Yo'nalish tanlamoqda
2025-08-23 00:12:29.717 - LEVEL:INFO - USER_ID:6189981072 - NAME:Navrõzbek Allamov - USERNAME:@allamov_009 - MESSAGE:Operatsion tizimlar knopkasi bosildi
2025-08-23 00:12:29.722 - LEVEL:INFO - USER_ID:6189981072 - NAME:Navrõzbek Allamov - USERNAME:@allamov_009 - MESSAGE:Web dasturlash bo‘limini ochdi
2025-08-23 00:12:29.728 - LEVEL:INFO - USER_ID:6189981072 - NAME:Navrõzbek Allamov - USERNAME:@allamov_009 - MESSAGE:Xavfsizlik bo‘limini ochdi
2025-08-23 00:12:29.736 - LEVEL:INFO - USER_ID:6189981072 - NAME:Navrõzbek Allamov - USERNAME:@allamov_009 - MESSAGE:Android bo‘limini ochdi
2025-08-23 00:12:29.738 - LEVEL:INFO - USER_ID:6189981072 - NAME:Navrõzbek Allamov - USERNAME:@allamov_009 - MESSAGE:iOS bo‘limini ochdi
2025-08-23 00:12:29.740 - LEVEL:INFO - USER_ID:6189981072 - NAME:Navrõzbek Allamov - USERNAME:@allamov_009 - MESSAGE:O‘yin bo‘limini ochdi
2025-08-23 00:12:31.890 - LEVEL:INFO - USER_ID:7402858899 - NAME:мухаммаджон - USERNAME:@mkingboi - MESSAGE:Yo'nalish tanlamoqda
2025-08-23 00:12:34.180 - LEVEL:INFO - USER_ID:7402858899 - NAME:мухаммаджон - USERNAME:@mkingboi - MESSAGE:Operatsion tizimlar knopkasi bosildi
2025-08-23 00:12:35.921 - LEVEL:INFO - USER_ID:7402858899 - NAME:мухаммаджон - USERNAME:@mkingboi - MESSAGE:OS → C tilini tanladi
2025-08-23 00:12:38.910 - LEVEL:INFO - USER_ID:7402858899 - NAME:мухаммаджон - USERNAME:@mkingboi - MESSAGE:Yo'nalish tanlamoqda
2025-08-23 00:14:07.503 - LEVEL:INFO - USER_ID:7402858899 - NAME:мухаммаджон - USERNAME:@mkingboi - MESSAGE:Operatsion tizimlar knopkasi bosildi
2025-08-23 00:14:09.933 - LEVEL:INFO - USER_ID:7402858899 - NAME:мухаммаджон - USERNAME:@mkingboi - MESSAGE:OS → C tilini tanladi
2025-08-23 00:14:12.742 - LEVEL:INFO - USER_ID:7402858899 - NAME:мухаммаджон - USERNAME:@mkingboi - MESSAGE:Yo'nalish tanlamoqda
2025-08-23 00:14:19.029 - LEVEL:INFO - USER_ID:7402858899 - NAME:мухаммаджон - USERNAME:@mkingboi - MESSAGE:Operatsion tizimlar knopkasi bosildi
2025-08-23 00:14:21.943 - LEVEL:INFO - USER_ID:7402858899 - NAME:мухаммаджон - USERNAME:@mkingboi - MESSAGE:OS → C++ tilini tanladi
2025-08-23 00:15:43.407 - LEVEL:INFO - USER_ID:7402858899 - NAME:мухаммаджон - USERNAME:@mkingboi - MESSAGE:Yo'nalish tanlamoqda
2025-08-23 00:15:47.922 - LEVEL:INFO - USER_ID:7402858899 - NAME:мухаммаджон - USERNAME:@mkingboi - MESSAGE:Operatsion tizimlar knopkasi bosildi
2025-08-23 00:16:13.647 - LEVEL:INFO - USER_ID:7402858899 - NAME:мухаммаджон - USERNAME:@mkingboi - MESSAGE:OS → C tilini tanladi
2025-08-23 00:16:15.986 - LEVEL:INFO - USER_ID:7402858899 - NAME:мухаммаджон - USERNAME:@mkingboi - MESSAGE:Yo'nalish tanlamoqda
2025-08-23 00:16:21.293 - LEVEL:INFO - USER_ID:7402858899 - NAME:мухаммаджон - USERNAME:@mkingboi - MESSAGE:Operatsion tizimlar knopkasi bosildi
2025-08-23 00:16:48.534 - LEVEL:INFO - USER_ID:7402858899 - NAME:мухаммаджон - USERNAME:@mkingboi - MESSAGE: Start Komandasi bosildi
2025-08-23 00:18:56.028 - LEVEL:INFO - USER_ID:7402858899 - NAME:мухаммаджон - USERNAME:@mkingboi - MESSAGE:Yo'nalish tanlamoqda
2025-08-23 00:19:15.268 - LEVEL:INFO - USER_ID:7402858899 - NAME:мухаммаджон - USERNAME:@mkingboi - MESSAGE: Start Komandasi bosildi
2025-08-23 00:19:17.113 - LEVEL:INFO - USER_ID:7402858899 - NAME:мухаммаджон - USERNAME:@mkingboi - MESSAGE: Start Komandasi bosildi
2025-08-23 00:19:52.749 - LEVEL:INFO - USER_ID:7402858899 - NAME:мухаммаджон - USERNAME:@mkingboi - MESSAGE:Yo'nalish tanlamoqda
2025-08-23 00:20:02.275 - LEVEL:INFO - USER_ID:7402858899 - NAME:мухаммаджон - USERNAME:@mkingboi - MESSAGE:Operatsion tizimlar knopkasi bosildi
2025-08-23 00:20:55.111 - LEVEL:INFO - USER_ID:6979929592 - NAME:Shaxriyor Karimberdiyev - USERNAME:@shakh_wu - MESSAGE:Operatsion tizimlar knopkasi bosildi
2025-08-23 00:21:02.998 - LEVEL:INFO - USER_ID:6979929592 - NAME:Shaxriyor Karimberdiyev - USERNAME:@shakh_wu - MESSAGE:OS → C tilini tanladi
2025-08-23 00:21:04.121 - LEVEL:INFO - USER_ID:6979929592 - NAME:Shaxriyor Karimberdiyev - USERNAME:@shakh_wu - MESSAGE:Yo'nalish tanlamoqda
2025-08-23 00:21:06.169 - LEVEL:INFO - USER_ID:6979929592 - NAME:Shaxriyor Karimberdiyev - USERNAME:@shakh_wu - MESSAGE:Operatsion tizimlar knopkasi bosildi
2025-08-23 00:21:22.470 - LEVEL:INFO - USER_ID:6979929592 - NAME:Shaxriyor Karimberdiyev - USERNAME:@shakh_wu - MESSAGE:OS → Assembly tilini tanladi
2025-08-23 00:21:26.446 - LEVEL:INFO - USER_ID:6979929592 - NAME:Shaxriyor Karimberdiyev - USERNAME:@shakh_wu - MESSAGE:Yo'nalish tanlamoqda
2025-08-23 00:23:19.604 - LEVEL:INFO - USER_ID:7402858899 - NAME:мухаммаджон - USERNAME:@mkingboi - MESSAGE:OS → C tilini tanladi
2025-08-23 00:23:44.172 - LEVEL:INFO - USER_ID:6979929592 - NAME:Shaxriyor Karimberdiyev - USERNAME:@shakh_wu - MESSAGE: Start Komandasi bosildi
2025-08-23 00:23:50.115 - LEVEL:INFO - USER_ID:6979929592 - NAME:Shaxriyor Karimberdiyev - USERNAME:@shakh_wu - MESSAGE:Yo'nalish tanlamoqda
2025-08-23 00:23:52.061 - LEVEL:INFO - USER_ID:6979929592 - NAME:Shaxriyor Karimberdiyev - USERNAME:@shakh_wu - MESSAGE:Operatsion tizimlar knopkasi bosildi
2025-08-23 00:23:55.642 - LEVEL:INFO - USER_ID:6979929592 - NAME:Shaxriyor Karimberdiyev - USERNAME:@shakh_wu - MESSAGE:OS → C tilini tanladi
2025-08-23 00:23:57.076 - LEVEL:INFO - USER_ID:6979929592 - NAME:Shaxriyor Karimberdiyev - USERNAME:@shakh_wu - MESSAGE:Yo'nalish tanlamoqda
2025-08-23 00:23:59.433 - LEVEL:INFO - USER_ID:6979929592 - NAME:Shaxriyor Karimberdiyev - USERNAME:@shakh_wu - MESSAGE:Operatsion tizimlar knopkasi bosildi
2025-08-23 00:26:15.791 - LEVEL:INFO - USER_ID:7402858899 - NAME:мухаммаджон - USERNAME:@mkingboi - MESSAGE:Yo'nalish tanlamoqda
2025-08-23 00:28:03.781 - LEVEL:INFO - USER_ID:6979929592 - NAME:Shaxriyor Karimberdiyev - USERNAME:@shakh_wu - MESSAGE:OS → Rust tilini tanladi
2025-08-23 00:28:03.783 - LEVEL:INFO - USER_ID:6979929592 - NAME:Shaxriyor Karimberdiyev - USERNAME:@shakh_wu - MESSAGE:OS → Swift tilini tanladi
2025-08-23 00:28:03.784 - LEVEL:INFO - USER_ID:6979929592 - NAME:Shaxriyor Karimberdiyev - USERNAME:@shakh_wu - MESSAGE:OS → Assembly tilini tanladi
2025-08-23 00:28:23.523 - LEVEL:INFO - USER_ID:6979929592 - NAME:Shaxriyor Karimberdiyev - USERNAME:@shakh_wu - MESSAGE: Start Komandasi bosildi
2025-08-23 00:28:26.902 - LEVEL:INFO - USER_ID:6979929592 - NAME:Shaxriyor Karimberdiyev - USERNAME:@shakh_wu - MESSAGE: Start Komandasi bosildi
2025-08-23 00:28:28.440 - LEVEL:INFO - USER_ID:6979929592 - NAME:Shaxriyor Karimberdiyev - USERNAME:@shakh_wu - MESSAGE: Start Komandasi bosildi
2025-08-23 00:28:31.920 - LEVEL:INFO - USER_ID:8066449736 - NAME:Shaxriyor - USERNAME:@shakhriyor_karimberdiyev - MESSAGE: Start Komandasi bosildi
2025-08-23 00:28:33.456 - LEVEL:INFO - USER_ID:6979929592 - NAME:Shaxriyor Karimberdiyev - USERNAME:@shakh_wu - MESSAGE: Start Komandasi bosildi
2025-08-23 00:28:34.275 - LEVEL:INFO - USER_ID:6979929592 - NAME:Shaxriyor Karimberdiyev - USERNAME:@shakh_wu - MESSAGE:OS → C++ tilini tanladi
2025-08-23 00:28:39.504 - LEVEL:INFO - USER_ID:6979929592 - NAME:Shaxriyor Karimberdiyev - USERNAME:@shakh_wu - MESSAGE:Yo'nalish tanlamoqda
2025-08-23 00:28:39.507 - LEVEL:INFO - USER_ID:6979929592 - NAME:Shaxriyor Karimberdiyev - USERNAME:@shakh_wu - MESSAGE:Yo'nalish tanlamoqda
2025-08-23 00:28:41.548 - LEVEL:INFO - USER_ID:6979929592 - NAME:Shaxriyor Karimberdiyev - USERNAME:@shakh_wu - MESSAGE: Start Komandasi bosildi
2025-08-23 00:28:42.986 - LEVEL:INFO - USER_ID:6979929592 - NAME:Shaxriyor Karimberdiyev - USERNAME:@shakh_wu - MESSAGE:Operatsion tizimlar knopkasi bosildi
2025-08-23 00:54:19.703 - LEVEL:INFO - USER_ID:1244713716 - NAME:Nodir Odilov - USERNAME:@NodirOdilov - MESSAGE: Start Komandasi bosildi
2025-08-23 00:54:31.108 - LEVEL:INFO - USER_ID:1244713716 - NAME:Nodir Odilov - USERNAME:@NodirOdilov - MESSAGE:Yo'nalish tanlamoqda
2025-08-23 00:54:32.574 - LEVEL:INFO - USER_ID:1244713716 - NAME:Nodir Odilov - USERNAME:@NodirOdilov - MESSAGE:Web dasturlash bo‘limini ochdi
2025-08-23 00:54:37.435 - LEVEL:INFO - USER_ID:1244713716 - NAME:Nodir Odilov - USERNAME:@NodirOdilov - MESSAGE:Web → Python tanladi
2025-08-23 00:54:39.246 - LEVEL:INFO - USER_ID:1244713716 - NAME:Nodir Odilov - USERNAME:@NodirOdilov - MESSAGE:Web dasturlash bo‘limini ochdi
2025-08-23 00:54:40.142 - LEVEL:INFO - USER_ID:1244713716 - NAME:Nodir Odilov - USERNAME:@NodirOdilov - MESSAGE:Web → TypeScript tanladi
2025-08-23 00:54:41.292 - LEVEL:INFO - USER_ID:1244713716 - NAME:Nodir Odilov - USERNAME:@NodirOdilov - MESSAGE:Web dasturlash bo‘limini ochdi
2025-08-23 00:54:42.218 - LEVEL:INFO - USER_ID:1244713716 - NAME:Nodir Odilov - USERNAME:@NodirOdilov - MESSAGE:Web → PHP tanladi
2025-08-23 00:54:43.189 - LEVEL:INFO - USER_ID:1244713716 - NAME:Nodir Odilov - USERNAME:@NodirOdilov - MESSAGE:Web dasturlash bo‘limini ochdi
2025-08-23 00:54:44.605 - LEVEL:INFO - USER_ID:1244713716 - NAME:Nodir Odilov - USERNAME:@NodirOdilov - MESSAGE:Web → Kotlin tanladi
2025-08-23 00:54:45.429 - LEVEL:INFO - USER_ID:1244713716 - NAME:Nodir Odilov - USERNAME:@NodirOdilov - MESSAGE:Web dasturlash bo‘limini ochdi
2025-08-23 00:54:46.314 - LEVEL:INFO - USER_ID:1244713716 - NAME:Nodir Odilov - USERNAME:@NodirOdilov - MESSAGE:Web → C# tanladi
2025-08-23 00:54:47.324 - LEVEL:INFO - USER_ID:1244713716 - NAME:Nodir Odilov - USERNAME:@NodirOdilov - MESSAGE:Web dasturlash bo‘limini ochdi
2025-08-23 00:54:49.714 - LEVEL:INFO - USER_ID:1244713716 - NAME:Nodir Odilov - USERNAME:@NodirOdilov - MESSAGE:Yo'nalish tanlamoqda
2025-08-23 00:54:51.740 - LEVEL:INFO - USER_ID:1244713716 - NAME:Nodir Odilov - USERNAME:@NodirOdilov - MESSAGE:Operatsion tizimlar knopkasi bosildi
2025-08-23 00:54:53.478 - LEVEL:INFO - USER_ID:1244713716 - NAME:Nodir Odilov - USERNAME:@NodirOdilov - MESSAGE:OS → C++ tilini tanladi
2025-08-23 02:09:04.788 - LEVEL:INFO - USER_ID:7402858899 - NAME:мухаммаджон - USERNAME:@mkingboi - MESSAGE: Start Komandasi bosildi
2025-08-23 02:18:56.171 - LEVEL:INFO - USER_ID:7402858899 - NAME:мухаммаджон - USERNAME:@mkingboi - MESSAGE:Operatsion tizimlar knopkasi bosildi
2025-08-23 02:20:22.495 - LEVEL:INFO - USER_ID:7402858899 - NAME:мухаммаджон - USERNAME:@mkingboi - MESSAGE:Yo'nalish tanlamoqda
2025-08-23 02:20:23.728 - LEVEL:INFO - USER_ID:7402858899 - NAME:мухаммаджон - USERNAME:@mkingboi - MESSAGE:Web dasturlash bo‘limini ochdi
2025-08-23 02:20:25.479 - LEVEL:INFO - USER_ID:7402858899 - NAME:мухаммаджон - USERNAME:@mkingboi - MESSAGE:Web → Python tanladi
2025-08-23 02:20:26.504 - LEVEL:INFO - USER_ID:7402858899 - NAME:мухаммаджон - USERNAME:@mkingboi - MESSAGE:Web dasturlash bo‘limini ochdi
2025-08-23 02:23:05.108 - LEVEL:INFO - USER_ID:7402858899 - NAME:мухаммаджон - USERNAME:@mkingboi - MESSAGE:Yo'nalish tanlamoqda
2025-08-23 02:23:06.175 - LEVEL:INFO - USER_ID:7402858899 - NAME:мухаммаджон - USERNAME:@mkingboi - MESSAGE:Xavfsizlik bo‘limini ochdi
2025-08-23 02:24:59.458 - LEVEL:INFO - USER_ID:7402858899 - NAME:мухаммаджон - USERNAME:@mkingboi - MESSAGE:Yo'nalish tanlamoqda
2025-08-23 02:25:01.495 - LEVEL:INFO - USER_ID:7402858899 - NAME:мухаммаджон - USERNAME:@mkingboi - MESSAGE:Android bo‘limini ochdi
2025-08-23 02:26:21.287 - LEVEL:INFO - USER_ID:7402858899 - NAME:мухаммаджон - USERNAME:@mkingboi - MESSAGE:Yo'nalish tanlamoqda
2025-08-23 02:26:22.424 - LEVEL:INFO - USER_ID:7402858899 - NAME:мухаммаджон - USERNAME:@mkingboi - MESSAGE:iOS bo‘limini ochdi
2025-08-23 02:26:47.143 - LEVEL:INFO - USER_ID:7402858899 - NAME:мухаммаджон - USERNAME:@mkingboi - MESSAGE:Yo'nalish tanlamoqda
2025-08-23 02:26:48.220 - LEVEL:INFO - USER_ID:7402858899 - NAME:мухаммаджон - USERNAME:@mkingboi - MESSAGE:O‘yin bo‘limini ochdi
2025-08-23 02:32:42.033 - LEVEL:INFO - USER_ID:1029657375 - NAME:👨🏻‍💻 - USERNAME:None - MESSAGE: Start Komandasi bosildi
2025-08-23 02:32:42.065 - LEVEL:INFO - USER_ID:1029657375 - NAME:👨🏻‍💻 - USERNAME:None - MESSAGE: Start Komandasi bosildi
2025-08-23 02:32:42.576 - LEVEL:INFO - USER_ID:1029657375 - NAME:👨🏻‍💻 - USERNAME:None - MESSAGE: Start Komandasi bosildi
2025-08-23 02:32:45.527 - LEVEL:INFO - USER_ID:1029657375 - NAME:👨🏻‍💻 - USERNAME:None - MESSAGE:Shaxsiy sahifalar bo‘limini ochdi
2025-08-23 02:32:52.329 - LEVEL:INFO - USER_ID:1029657375 - NAME:👨🏻‍💻 - USERNAME:None - MESSAGE:Yo'nalish tanlamoqda
2025-08-23 02:32:54.518 - LEVEL:INFO - USER_ID:1029657375 - NAME:👨🏻‍💻 - USERNAME:None - MESSAGE:Operatsion tizimlar knopkasi bosildi
2025-08-23 02:32:58.814 - LEVEL:INFO - USER_ID:1029657375 - NAME:👨🏻‍💻 - USERNAME:None - MESSAGE:OS → C tilini tanladi
2025-08-23 02:33:01.933 - LEVEL:INFO - USER_ID:1029657375 - NAME:👨🏻‍💻 - USERNAME:None - MESSAGE:Yo'nalish tanlamoqda
2025-08-23 02:33:04.304 - LEVEL:INFO - USER_ID:1029657375 - NAME:👨🏻‍💻 - USERNAME:None - MESSAGE:Operatsion tizimlar knopkasi bosildi
2025-08-23 02:33:06.511 - LEVEL:INFO - USER_ID:1029657375 - NAME:👨🏻‍💻 - USERNAME:None - MESSAGE:OS → C++ tilini tanladi
2025-08-23 02:33:10.105 - LEVEL:INFO - USER_ID:1029657375 - NAME:👨🏻‍💻 - USERNAME:None - MESSAGE:OS → Rust tilini tanladi
2025-08-23 02:38:18.031 - LEVEL:INFO - USER_ID:7402858899 - NAME:мухаммаджон - USERNAME:@mkingboi - MESSAGE:Yo'nalish tanlamoqda
2025-08-23 02:38:19.626 - LEVEL:INFO - USER_ID:7402858899 - NAME:мухаммаджон - USERNAME:@mkingboi - MESSAGE:Operatsion tizimlar knopkasi bosildi
2025-08-23 02:38:20.875 - LEVEL:INFO - USER_ID:7402858899 - NAME:мухаммаджон - USERNAME:@mkingboi - MESSAGE:OS → C tilini tanladi
2025-08-23 02:58:48.963 - LEVEL:INFO - USER_ID:7402858899 - ISM:мухаммаджон - USER:@mkingboi - MESSAGE: Start Komandasi bosildi
2025-08-23 02:58:53.122 - LEVEL:INFO - USER_ID:7402858899 - ISM:мухаммаджон - USER:@mkingboi - MESSAGE:Yo'nalish tanlamoqda
2025-08-23 02:58:54.490 - LEVEL:INFO - USER_ID:7402858899 - ISM:мухаммаджон - USER:@mkingboi - MESSAGE:Operatsion tizimlar knopkasi bosildi
2025-08-23 02:58:55.638 - LEVEL:INFO - USER_ID:7402858899 - ISM:мухаммаджон - USER:@mkingboi - MESSAGE:OS → Rust tilini tanladi
2025-08-23 02:58:56.976 - LEVEL:INFO - USER_ID:7402858899 - ISM:мухаммаджон - USER:@mkingboi - MESSAGE:Yo'nalish tanlamoqda
2025-08-23 02:59:05.630 - LEVEL:INFO - USER_ID:7402858899 - ISM:мухаммаджон - USER:@mkingboi - MESSAGE:OS → Swift tilini tanladi
2025-08-23 02:59:11.865 - LEVEL:INFO - USER_ID:7402858899 - ISM:мухаммаджон - USER:@mkingboi - MESSAGE: Start Komandasi bosildi
2025-08-23 02:59:13.028 - LEVEL:INFO - USER_ID:7402858899 - ISM:мухаммаджон - USER:@mkingboi - MESSAGE:Yo'nalish tanlamoqda
2025-08-23 02:59:14.474 - LEVEL:INFO - USER_ID:7402858899 - ISM:мухаммаджон - USER:@mkingboi - MESSAGE:Operatsion tizimlar knopkasi bosildi
2025-08-23 02:59:15.720 - LEVEL:INFO - USER_ID:7402858899 - ISM:мухаммаджон - USER:@mkingboi - MESSAGE:OS → C tilini tanladi
2025-08-23 02:59:16.975 - LEVEL:INFO - USER_ID:7402858899 - ISM:мухаммаджон - USER:@mkingboi - MESSAGE:Yo'nalish tanlamoqda
2025-08-26 00:07:26.740 - LEVEL:INFO - USER_ID:6979929592 - ISM:Shaxriyor Karimberdiyev - USER:@shakh_wu - MESSAGE: Start Komandasi bosildi
2025-08-26 00:07:30.082 - LEVEL:INFO - USER_ID:6979929592 - ISM:Shaxriyor Karimberdiyev - USER:@shakh_wu - MESSAGE:Yo'nalish tanlamoqda
2025-08-26 00:07:33.065 - LEVEL:INFO - USER_ID:6979929592 - ISM:Shaxriyor Karimberdiyev - USER:@shakh_wu - MESSAGE:Xavfsizlik bo‘limini ochdi
2025-08-26 00:07:34.811 - LEVEL:INFO - USER_ID:6979929592 - ISM:Shaxriyor Karimberdiyev - USER:@shakh_wu - MESSAGE:Yo'nalish tanlamoqda
2025-08-26 00:07:36.884 - LEVEL:INFO - USER_ID:6979929592 - ISM:Shaxriyor Karimberdiyev - USER:@shakh_wu - MESSAGE:Web dasturlash bo‘limini ochdi
2025-08-26 00:07:38.560 - LEVEL:INFO - USER_ID:6979929592 - ISM:Shaxriyor Karimberdiyev - USER:@shakh_wu - MESSAGE:Web → JavaScript tanladi
2025-08-26 00:07:40.708 - LEVEL:INFO - USER_ID:6979929592 - ISM:Shaxriyor Karimberdiyev - USER:@shakh_wu - MESSAGE:Web dasturlash bo‘limini ochdi
2025-08-26 00:07:55.589 - LEVEL:INFO - USER_ID:6979929592 - ISM:Shaxriyor Karimberdiyev - USER:@shakh_wu - MESSAGE:Web → PHP tanladi
2025-08-26 00:07:59.789 - LEVEL:INFO - USER_ID:6979929592 - ISM:Shaxriyor Karimberdiyev - USER:@shakh_wu - MESSAGE:Web dasturlash bo‘limini ochdi
2025-08-26 00:12:27.170 - LEVEL:INFO - USER_ID:6979929592 - ISM:Shaxriyor Karimberdiyev - USER:@shakh_wu - MESSAGE: Start Komandasi bosildi
2025-08-26 00:12:35.939 - LEVEL:INFO - USER_ID:6979929592 - ISM:Shaxriyor Karimberdiyev - USER:@shakh_wu - MESSAGE:Yo'nalish tanlamoqda
2025-08-26 00:12:37.120 - LEVEL:INFO - USER_ID:6979929592 - ISM:Shaxriyor Karimberdiyev - USER:@shakh_wu - MESSAGE:Android bo‘limini ochdi
2025-08-26 00:12:38.189 - LEVEL:INFO - USER_ID:6979929592 - ISM:Shaxriyor Karimberdiyev - USER:@shakh_wu - MESSAGE:Android → Kotlin tanladi
2025-08-26 00:12:40.165 - LEVEL:INFO - USER_ID:6979929592 - ISM:Shaxriyor Karimberdiyev - USER:@shakh_wu - MESSAGE:Android bo‘limini ochdi
2025-08-26 00:12:42.242 - LEVEL:INFO - USER_ID:6979929592 - ISM:Shaxriyor Karimberdiyev - USER:@shakh_wu - MESSAGE:Yo'nalish tanlamoqda
2025-08-26 00:12:44.213 - LEVEL:INFO - USER_ID:6979929592 - ISM:Shaxriyor Karimberdiyev - USER:@shakh_wu - MESSAGE:Web dasturlash bo‘limini ochdi
2025-08-26 00:12:45.622 - LEVEL:INFO - USER_ID:6979929592 - ISM:Shaxriyor Karimberdiyev - USER:@shakh_wu - MESSAGE:Yo'nalish tanlamoqda
2025-08-26 00:12:47.157 - LEVEL:INFO - USER_ID:6979929592 - ISM:Shaxriyor Karimberdiyev - USER:@shakh_wu - MESSAGE:Operatsion tizimlar knopkasi bosildi
2025-08-26 00:12:48.850 - LEVEL:INFO - USER_ID:6979929592 - ISM:Shaxriyor Karimberdiyev - USER:@shakh_wu - MESSAGE:Yo'nalish tanlamoqda
2025-08-26 00:12:50.205 - LEVEL:INFO - USER_ID:6979929592 - ISM:Shaxriyor Karimberdiyev - USER:@shakh_wu - MESSAGE:Yo'nalish tanlamoqda
2025-08-26 00:12:56.847 - LEVEL:INFO - USER_ID:6979929592 - ISM:Shaxriyor Karimberdiyev - USER:@shakh_wu - MESSAGE:Operatsion tizimlar knopkasi bosildi
2025-08-26 00:13:01.902 - LEVEL:INFO - USER_ID:6979929592 - ISM:Shaxriyor Karimberdiyev - USER:@shakh_wu - MESSAGE:OS → C++ tilini tanladi
2025-08-26 00:15:18.063 - LEVEL:INFO - USER_ID:6979929592 - ISM:Shaxriyor Karimberdiyev - USER:@shakh_wu - MESSAGE:Yo'nalish tanlamoqda
2025-08-26 00:15:22.656 - LEVEL:INFO - USER_ID:6979929592 - ISM:Shaxriyor Karimberdiyev - USER:@shakh_wu - MESSAGE: Start Komandasi bosildi
2025-08-26 00:15:23.771 - LEVEL:INFO - USER_ID:6979929592 - ISM:Shaxriyor Karimberdiyev - USER:@shakh_wu - MESSAGE:Yo'nalish tanlamoqda
2025-08-26 00:15:26.468 - LEVEL:INFO - USER_ID:6979929592 - ISM:Shaxriyor Karimberdiyev - USER:@shakh_wu - MESSAGE:Web dasturlash bo‘limini ochdi
2025-08-26 00:15:30.053 - LEVEL:INFO - USER_ID:6979929592 - ISM:Shaxriyor Karimberdiyev - USER:@shakh_wu - MESSAGE:Web → C# tanladi
2025-08-26 00:15:34.132 - LEVEL:INFO - USER_ID:6979929592 - ISM:Shaxriyor Karimberdiyev - USER:@shakh_wu - MESSAGE:Web dasturlash bo‘limini ochdi
2025-08-26 00:15:50.210 - LEVEL:INFO - USER_ID:6979929592 - ISM:Shaxriyor Karimberdiyev - USER:@shakh_wu - MESSAGE:Yo'nalish tanlamoqda
2025-08-26 00:15:52.567 - LEVEL:INFO - USER_ID:6979929592 - ISM:Shaxriyor Karimberdiyev - USER:@shakh_wu - MESSAGE:Operatsion tizimlar knopkasi bosildi
2025-08-26 00:15:55.231 - LEVEL:INFO - USER_ID:6979929592 - ISM:Shaxriyor Karimberdiyev - USER:@shakh_wu - MESSAGE:OS → C++ tilini tanladi
2025-08-26 00:15:58.364 - LEVEL:INFO - USER_ID:6979929592 - ISM:Shaxriyor Karimberdiyev - USER:@shakh_wu - MESSAGE:Operatsion tizimlar knopkasi bosildi
2025-08-26 03:54:59.536 - LEVEL:INFO - USER_ID:8066449736 - ISM:Shaxriyor - USER:@shakhriyor_karimberdiyev - MESSAGE: Start Komandasi bosildi
2025-08-26 03:55:03.418 - LEVEL:INFO - USER_ID:8066449736 - ISM:Shaxriyor - USER:@shakhriyor_karimberdiyev - MESSAGE:Shaxsiy sahifalar bo‘limini ochdi
2025-08-26 03:59:17.860 - LEVEL:INFO - USER_ID:8066449736 - ISM:Shaxriyor - USER:@shakhriyor_karimberdiyev - MESSAGE: Start Komandasi bosildi
